{"contracts/IdentityVerifier.sol":{"l":{"51":32,"60":20,"63":19,"70":18,"77":18,"85":15,"86":14,"90":13,"91":13,"92":13,"93":13,"101":4,"102":4,"107":3,"108":3,"120":15,"130":34,"131":33,"139":2,"140":1,"157":4,"158":4},"path":"/home/devanshu/Workspace/cs218_auth_chain_Merkel_Secure/blockchain/contracts/IdentityVerifier.sol","s":{"1":32,"2":20,"3":19,"4":18,"5":15,"6":14,"7":13,"8":4,"9":4,"10":3,"11":15,"12":34,"13":33,"14":2,"15":1,"16":4,"17":4},"b":{"1":[19,1],"2":[18,1],"3":[17,1],"4":[15,1],"5":[14,1],"6":[13,1],"7":[4,1],"8":[4,0],"9":[3,1],"10":[2,1],"11":[34,1],"12":[33,1],"13":[2,1],"14":[1,1]},"f":{"1":32,"2":20,"3":15,"4":4,"5":15,"6":34,"7":2,"8":4},"fnMap":{"1":{"name":"constructor","line":50,"loc":{"start":{"line":50,"column":4},"end":{"line":52,"column":4}}},"2":{"name":"registerIdentity","line":59,"loc":{"start":{"line":59,"column":4},"end":{"line":78,"column":4}}},"3":{"name":"verifyIdentity","line":84,"loc":{"start":{"line":84,"column":4},"end":{"line":94,"column":4}}},"4":{"name":"revokeIdentity","line":100,"loc":{"start":{"line":100,"column":4},"end":{"line":109,"column":4}}},"5":{"name":"isVerified","line":119,"loc":{"start":{"line":119,"column":4},"end":{"line":121,"column":4}}},"6":{"name":"addVerifier","line":129,"loc":{"start":{"line":129,"column":4},"end":{"line":132,"column":4}}},"7":{"name":"removeVerifier","line":138,"loc":{"start":{"line":138,"column":4},"end":{"line":141,"column":4}}},"8":{"name":"getIdentityRecord","line":151,"loc":{"start":{"line":151,"column":4},"end":{"line":159,"column":4}}}},"statementMap":{"1":{"start":{"line":51,"column":8},"end":{"line":51,"column":49}},"2":{"start":{"line":60,"column":8},"end":{"line":60,"column":59}},"3":{"start":{"line":63,"column":8},"end":{"line":63,"column":2322}},"4":{"start":{"line":77,"column":8},"end":{"line":77,"column":59}},"5":{"start":{"line":85,"column":8},"end":{"line":85,"column":59}},"6":{"start":{"line":86,"column":8},"end":{"line":86,"column":3198}},"7":{"start":{"line":93,"column":8},"end":{"line":93,"column":48}},"8":{"start":{"line":101,"column":8},"end":{"line":101,"column":59}},"9":{"start":{"line":102,"column":8},"end":{"line":102,"column":3873}},"10":{"start":{"line":108,"column":8},"end":{"line":108,"column":47}},"11":{"start":{"line":120,"column":8},"end":{"line":120,"column":58}},"12":{"start":{"line":130,"column":8},"end":{"line":130,"column":67}},"13":{"start":{"line":131,"column":8},"end":{"line":131,"column":42}},"14":{"start":{"line":139,"column":8},"end":{"line":139,"column":67}},"15":{"start":{"line":140,"column":8},"end":{"line":140,"column":43}},"16":{"start":{"line":157,"column":8},"end":{"line":157,"column":46}},"17":{"start":{"line":158,"column":8},"end":{"line":158,"column":74}}},"branchMap":{"1":{"line":60,"type":"if","locations":[{"start":{"line":60,"column":8},"end":{"line":60,"column":8}},{"start":{"line":60,"column":8},"end":{"line":60,"column":8}}]},"2":{"line":63,"type":"if","locations":[{"start":{"line":63,"column":8},"end":{"line":63,"column":8}},{"start":{"line":63,"column":8},"end":{"line":63,"column":8}}]},"3":{"line":64,"type":"cond-expr","locations":[{"start":{"line":64,"column":12},"end":{"line":64,"column":64}},{"start":{"line":65,"column":16},"end":{"line":65,"column":62}}]},"4":{"line":84,"type":"if","locations":[{"start":{"line":84,"column":52},"end":{"line":84,"column":52}},{"start":{"line":84,"column":52},"end":{"line":84,"column":52}}]},"5":{"line":85,"type":"if","locations":[{"start":{"line":85,"column":8},"end":{"line":85,"column":8}},{"start":{"line":85,"column":8},"end":{"line":85,"column":8}}]},"6":{"line":86,"type":"if","locations":[{"start":{"line":86,"column":8},"end":{"line":86,"column":8}},{"start":{"line":86,"column":8},"end":{"line":86,"column":8}}]},"7":{"line":100,"type":"if","locations":[{"start":{"line":100,"column":52},"end":{"line":100,"column":52}},{"start":{"line":100,"column":52},"end":{"line":100,"column":52}}]},"8":{"line":101,"type":"if","locations":[{"start":{"line":101,"column":8},"end":{"line":101,"column":8}},{"start":{"line":101,"column":8},"end":{"line":101,"column":8}}]},"9":{"line":102,"type":"if","locations":[{"start":{"line":102,"column":8},"end":{"line":102,"column":8}},{"start":{"line":102,"column":8},"end":{"line":102,"column":8}}]},"10":{"line":103,"type":"cond-expr","locations":[{"start":{"line":103,"column":12},"end":{"line":103,"column":54}},{"start":{"line":104,"column":16},"end":{"line":104,"column":57}}]},"11":{"line":129,"type":"if","locations":[{"start":{"line":129,"column":53},"end":{"line":129,"column":53}},{"start":{"line":129,"column":53},"end":{"line":129,"column":53}}]},"12":{"line":130,"type":"if","locations":[{"start":{"line":130,"column":8},"end":{"line":130,"column":8}},{"start":{"line":130,"column":8},"end":{"line":130,"column":8}}]},"13":{"line":138,"type":"if","locations":[{"start":{"line":138,"column":56},"end":{"line":138,"column":56}},{"start":{"line":138,"column":56},"end":{"line":138,"column":56}}]},"14":{"line":139,"type":"if","locations":[{"start":{"line":139,"column":8},"end":{"line":139,"column":8}},{"start":{"line":139,"column":8},"end":{"line":139,"column":8}}]}}},"contracts/KYCGatedAuction.sol":{"l":{"50":11,"51":10,"58":10,"59":9,"69":32,"70":32,"72":32,"90":9,"93":7,"94":1,"98":7,"99":7,"101":7,"108":2,"109":2,"112":1,"114":1,"115":1,"117":1,"125":8,"127":7,"129":7,"139":6,"140":5,"142":4,"143":4,"146":2,"148":2,"149":2,"151":2},"path":"/home/devanshu/Workspace/cs218_auth_chain_Merkel_Secure/blockchain/contracts/KYCGatedAuction.sol","s":{"1":11,"2":10,"3":32,"4":32,"5":9,"6":7,"7":7,"8":2,"9":2,"10":1,"11":1,"12":1,"13":8,"14":7,"15":6,"16":5,"17":4,"18":4,"19":2,"20":2,"21":2},"b":{"1":[10,1],"2":[9,1],"3":[32,0],"4":[32,0],"5":[11,0],"6":[10,1],"7":[9,1],"8":[7,2],"9":[1,6],"10":[2,0],"11":[1,1],"12":[1,0],"13":[8,1],"14":[7,1],"15":[6,1],"16":[6,0],"17":[5,1],"18":[4,1],"19":[2,2],"20":[2,0]},"f":{"1":11,"2":10,"3":32,"4":9,"5":2,"6":8,"7":6},"fnMap":{"1":{"name":"onlyVerified","line":49,"loc":{"start":{"line":49,"column":4},"end":{"line":52,"column":4}}},"2":{"name":"auctionActive","line":57,"loc":{"start":{"line":57,"column":4},"end":{"line":60,"column":4}}},"3":{"name":"constructor","line":68,"loc":{"start":{"line":68,"column":4},"end":{"line":73,"column":4}}},"4":{"name":"placeBid","line":88,"loc":{"start":{"line":83,"column":4},"end":{"line":102,"column":4}}},"5":{"name":"withdrawRefund","line":107,"loc":{"start":{"line":107,"column":4},"end":{"line":118,"column":4}}},"6":{"name":"endAuction","line":124,"loc":{"start":{"line":124,"column":4},"end":{"line":130,"column":4}}},"7":{"name":"withdrawProceeds","line":138,"loc":{"start":{"line":136,"column":4},"end":{"line":152,"column":4}}}},"statementMap":{"1":{"start":{"line":50,"column":8},"end":{"line":50,"column":63}},"2":{"start":{"line":58,"column":8},"end":{"line":58,"column":47}},"3":{"start":{"line":69,"column":8},"end":{"line":69,"column":59}},"4":{"start":{"line":70,"column":8},"end":{"line":70,"column":53}},"5":{"start":{"line":90,"column":8},"end":{"line":90,"column":53}},"6":{"start":{"line":93,"column":8},"end":{"line":93,"column":2570}},"7":{"start":{"line":101,"column":8},"end":{"line":101,"column":45}},"8":{"start":{"line":108,"column":8},"end":{"line":108,"column":51}},"9":{"start":{"line":109,"column":8},"end":{"line":109,"column":38}},"10":{"start":{"line":114,"column":8},"end":{"line":114,"column":70}},"11":{"start":{"line":115,"column":8},"end":{"line":115,"column":42}},"12":{"start":{"line":117,"column":8},"end":{"line":117,"column":48}},"13":{"start":{"line":125,"column":8},"end":{"line":125,"column":39}},"14":{"start":{"line":129,"column":8},"end":{"line":129,"column":52}},"15":{"start":{"line":139,"column":8},"end":{"line":139,"column":42}},"16":{"start":{"line":140,"column":8},"end":{"line":140,"column":60}},"17":{"start":{"line":142,"column":8},"end":{"line":142,"column":35}},"18":{"start":{"line":143,"column":8},"end":{"line":143,"column":38}},"19":{"start":{"line":148,"column":8},"end":{"line":148,"column":60}},"20":{"start":{"line":149,"column":8},"end":{"line":149,"column":42}},"21":{"start":{"line":151,"column":8},"end":{"line":151,"column":49}}},"branchMap":{"1":{"line":50,"type":"if","locations":[{"start":{"line":50,"column":8},"end":{"line":50,"column":8}},{"start":{"line":50,"column":8},"end":{"line":50,"column":8}}]},"2":{"line":58,"type":"if","locations":[{"start":{"line":58,"column":8},"end":{"line":58,"column":8}},{"start":{"line":58,"column":8},"end":{"line":58,"column":8}}]},"3":{"line":69,"type":"if","locations":[{"start":{"line":69,"column":8},"end":{"line":69,"column":8}},{"start":{"line":69,"column":8},"end":{"line":69,"column":8}}]},"4":{"line":70,"type":"if","locations":[{"start":{"line":70,"column":8},"end":{"line":70,"column":8}},{"start":{"line":70,"column":8},"end":{"line":70,"column":8}}]},"5":{"line":86,"type":"if","locations":[{"start":{"line":86,"column":8},"end":{"line":86,"column":8}},{"start":{"line":86,"column":8},"end":{"line":86,"column":8}}]},"6":{"line":87,"type":"if","locations":[{"start":{"line":87,"column":8},"end":{"line":87,"column":8}},{"start":{"line":87,"column":8},"end":{"line":87,"column":8}}]},"7":{"line":88,"type":"if","locations":[{"start":{"line":88,"column":8},"end":{"line":88,"column":8}},{"start":{"line":88,"column":8},"end":{"line":88,"column":8}}]},"8":{"line":90,"type":"if","locations":[{"start":{"line":90,"column":8},"end":{"line":90,"column":8}},{"start":{"line":90,"column":8},"end":{"line":90,"column":8}}]},"9":{"line":93,"type":"if","locations":[{"start":{"line":93,"column":8},"end":{"line":93,"column":8}},{"start":{"line":93,"column":8},"end":{"line":93,"column":8}}]},"10":{"line":107,"type":"if","locations":[{"start":{"line":107,"column":39},"end":{"line":107,"column":39}},{"start":{"line":107,"column":39},"end":{"line":107,"column":39}}]},"11":{"line":109,"type":"if","locations":[{"start":{"line":109,"column":8},"end":{"line":109,"column":8}},{"start":{"line":109,"column":8},"end":{"line":109,"column":8}}]},"12":{"line":115,"type":"if","locations":[{"start":{"line":115,"column":8},"end":{"line":115,"column":8}},{"start":{"line":115,"column":8},"end":{"line":115,"column":8}}]},"13":{"line":124,"type":"if","locations":[{"start":{"line":124,"column":35},"end":{"line":124,"column":35}},{"start":{"line":124,"column":35},"end":{"line":124,"column":35}}]},"14":{"line":125,"type":"if","locations":[{"start":{"line":125,"column":8},"end":{"line":125,"column":8}},{"start":{"line":125,"column":8},"end":{"line":125,"column":8}}]},"15":{"line":138,"type":"if","locations":[{"start":{"line":138,"column":15},"end":{"line":138,"column":15}},{"start":{"line":138,"column":15},"end":{"line":138,"column":15}}]},"16":{"line":138,"type":"if","locations":[{"start":{"line":138,"column":25},"end":{"line":138,"column":25}},{"start":{"line":138,"column":25},"end":{"line":138,"column":25}}]},"17":{"line":139,"type":"if","locations":[{"start":{"line":139,"column":8},"end":{"line":139,"column":8}},{"start":{"line":139,"column":8},"end":{"line":139,"column":8}}]},"18":{"line":140,"type":"if","locations":[{"start":{"line":140,"column":8},"end":{"line":140,"column":8}},{"start":{"line":140,"column":8},"end":{"line":140,"column":8}}]},"19":{"line":143,"type":"if","locations":[{"start":{"line":143,"column":8},"end":{"line":143,"column":8}},{"start":{"line":143,"column":8},"end":{"line":143,"column":8}}]},"20":{"line":149,"type":"if","locations":[{"start":{"line":149,"column":8},"end":{"line":149,"column":8}},{"start":{"line":149,"column":8},"end":{"line":149,"column":8}}]}}}}