TN:
SF:/home/devanshu/Workspace/cs218_auth_chain_Merkel_Secure/blockchain/contracts/IdentityVerifier.sol
FN:50,constructor
FN:59,registerIdentity
FN:84,verifyIdentity
FN:100,revokeIdentity
FN:119,isVerified
FN:129,addVerifier
FN:138,removeVerifier
FN:151,getIdentityRecord
FNF:8
FNH:8
FNDA:32,constructor
FNDA:20,registerIdentity
FNDA:15,verifyIdentity
FNDA:4,revokeIdentity
FNDA:15,isVerified
FNDA:34,addVerifier
FNDA:2,removeVerifier
FNDA:4,getIdentityRecord
DA:51,32
DA:60,20
DA:63,19
DA:70,18
DA:77,18
DA:85,15
DA:86,14
DA:90,13
DA:91,13
DA:92,13
DA:93,13
DA:101,4
DA:102,4
DA:107,3
DA:108,3
DA:120,15
DA:130,34
DA:131,33
DA:139,2
DA:140,1
DA:157,4
DA:158,4
LF:22
LH:22
BRDA:60,1,0,19
BRDA:60,1,1,1
BRDA:63,2,0,18
BRDA:63,2,1,1
BRDA:64,3,0,17
BRDA:64,3,1,1
BRDA:84,4,0,15
BRDA:84,4,1,1
BRDA:85,5,0,14
BRDA:85,5,1,1
BRDA:86,6,0,13
BRDA:86,6,1,1
BRDA:100,7,0,4
BRDA:100,7,1,1
BRDA:101,8,0,4
BRDA:101,8,1,0
BRDA:102,9,0,3
BRDA:102,9,1,1
BRDA:103,10,0,2
BRDA:103,10,1,1
BRDA:129,11,0,34
BRDA:129,11,1,1
BRDA:130,12,0,33
BRDA:130,12,1,1
BRDA:138,13,0,2
BRDA:138,13,1,1
BRDA:139,14,0,1
BRDA:139,14,1,1
BRF:28
BRH:27
end_of_record
TN:
SF:/home/devanshu/Workspace/cs218_auth_chain_Merkel_Secure/blockchain/contracts/KYCGatedAuction.sol
FN:49,onlyVerified
FN:57,auctionActive
FN:68,constructor
FN:88,placeBid
FN:107,withdrawRefund
FN:124,endAuction
FN:138,withdrawProceeds
FNF:7
FNH:7
FNDA:11,onlyVerified
FNDA:10,auctionActive
FNDA:32,constructor
FNDA:9,placeBid
FNDA:2,withdrawRefund
FNDA:8,endAuction
FNDA:6,withdrawProceeds
DA:50,11
DA:51,10
DA:58,10
DA:59,9
DA:69,32
DA:70,32
DA:72,32
DA:90,9
DA:93,7
DA:94,1
DA:98,7
DA:99,7
DA:101,7
DA:108,2
DA:109,2
DA:112,1
DA:114,1
DA:115,1
DA:117,1
DA:125,8
DA:127,7
DA:129,7
DA:139,6
DA:140,5
DA:142,4
DA:143,4
DA:146,2
DA:148,2
DA:149,2
DA:151,2
LF:30
LH:30
BRDA:50,1,0,10
BRDA:50,1,1,1
BRDA:58,2,0,9
BRDA:58,2,1,1
BRDA:69,3,0,32
BRDA:69,3,1,0
BRDA:70,4,0,32
BRDA:70,4,1,0
BRDA:86,5,0,11
BRDA:86,5,1,0
BRDA:87,6,0,10
BRDA:87,6,1,1
BRDA:88,7,0,9
BRDA:88,7,1,1
BRDA:90,8,0,7
BRDA:90,8,1,2
BRDA:93,9,0,1
BRDA:93,9,1,6
BRDA:107,10,0,2
BRDA:107,10,1,0
BRDA:109,11,0,1
BRDA:109,11,1,1
BRDA:115,12,0,1
BRDA:115,12,1,0
BRDA:124,13,0,8
BRDA:124,13,1,1
BRDA:125,14,0,7
BRDA:125,14,1,1
BRDA:138,15,0,6
BRDA:138,15,1,1
BRDA:138,16,0,6
BRDA:138,16,1,0
BRDA:139,17,0,5
BRDA:139,17,1,1
BRDA:140,18,0,4
BRDA:140,18,1,1
BRDA:143,19,0,2
BRDA:143,19,1,2
BRDA:149,20,0,2
BRDA:149,20,1,0
BRF:40
BRH:33
end_of_record
